<?xml version="1.0" encoding="UTF-8"?>
<testsuite xmlns:xsi="http://www.w3.org/2001/XMLSchema-instance" xsi:noNamespaceSchemaLocation="https://maven.apache.org/surefire/maven-failsafe-plugin/xsd/failsafe-test-report-3.0.xsd" version="3.0" name="com.mycompany.automatedunittesting.UnitTestingIT" time="0.062" tests="3" errors="0" skipped="0" failures="0">
  <properties>
[...]
</properties>
  <testcase name="testAddition" classname="com.mycompany.automatedunittesting.UnitTestingIT" time="0.032"/>
  <testcase name="testMessage" classname="com.mycompany.automatedunittesting.UnitTestingIT" time="0.008"/>
  <testcase name="testSubtraction" classname="com.mycompany.automatedunittesting.UnitTestingIT" time="0.0"/>
</testsuite>